{
  "RSpec": {
    "coverage": {
      "/Users/alexosborne/turing/mod_2/projects/ICs/b2-final/app/models/hospitial.rb": {
        "lines": [
          1,
          1,
          null,
          1,
          null
        ]
      },
      "/Users/alexosborne/turing/mod_2/projects/ICs/b2-final/app/models/application_record.rb": {
        "lines": [
          1,
          1,
          null
        ]
      },
      "/Users/alexosborne/turing/mod_2/projects/ICs/b2-final/app/models/doctor.rb": {
        "lines": [
          1,
          1,
          null,
          null,
          null,
          1,
          1,
          1,
          null
        ]
      },
      "/Users/alexosborne/turing/mod_2/projects/ICs/b2-final/app/models/surgery.rb": {
        "lines": [
          1,
          1,
          null,
          null,
          null,
          1,
          1,
          null,
          1,
          8,
          null,
          null
        ]
      },
      "/Users/alexosborne/turing/mod_2/projects/ICs/b2-final/app/models/doctor_surgery.rb": {
        "lines": [
          1,
          1,
          1,
          null,
          null,
          null
        ]
      },
      "/Users/alexosborne/turing/mod_2/projects/ICs/b2-final/app/controllers/surgeries_controller.rb": {
        "lines": [
          1,
          null,
          1,
          2,
          null,
          null
        ]
      },
      "/Users/alexosborne/turing/mod_2/projects/ICs/b2-final/app/controllers/application_controller.rb": {
        "lines": [
          1,
          null
        ]
      }
    },
    "timestamp": 1610734821
  }
}
